2020-08-14 19:31:35 | [INFO]    | Discordia 2.8.3
2020-08-14 19:31:35 | [INFO]    | Connecting to Discord...
2020-08-14 19:31:35 | [ERROR]   | 401 - Unauthorized : GET https://discordapp.com/api/v7/users/@me
2020-08-14 19:31:35 | [ERROR]   | Could not authenticate, check token: HTTP Error 0 : 401: Unauthorized
2020-08-14 19:31:47 | [INFO]    | Discordia 2.8.3
2020-08-14 19:31:47 | [INFO]    | Connecting to Discord...
2020-08-14 19:31:47 | [ERROR]   | 401 - Unauthorized : GET https://discordapp.com/api/v7/users/@me
2020-08-14 19:31:47 | [ERROR]   | Could not authenticate, check token: HTTP Error 0 : 401: Unauthorized
2020-08-14 19:32:38 | [INFO]    | Discordia 2.8.3
2020-08-14 19:32:38 | [INFO]    | Connecting to Discord...
2020-08-14 19:32:38 | [INFO]    | Authenticated as Testing Bot#2551
2020-08-14 19:32:39 | [INFO]    | Launching shard 0 (1 out of 1)...
2020-08-14 19:32:39 | [INFO]    | Shard 0 : Connected to wss://gateway.discord.gg
2020-08-14 19:32:39 | [INFO]    | Shard 0 : Received HELLO
2020-08-14 19:32:39 | [INFO]    | Shard 0 : Received READY
2020-08-14 19:33:08 | [INFO]    | Discordia 2.8.3
2020-08-14 19:33:08 | [INFO]    | Connecting to Discord...
2020-08-14 19:33:08 | [INFO]    | Authenticated as Testing Bot#2551
2020-08-14 19:33:08 | [INFO]    | Launching shard 0 (1 out of 1)...
2020-08-14 19:33:08 | [INFO]    | Shard 0 : Connected to wss://gateway.discord.gg
2020-08-14 19:33:08 | [INFO]    | Shard 0 : Received HELLO
2020-08-14 19:33:08 | [INFO]    | Shard 0 : Received READY
2020-08-14 19:34:37 | [INFO]    | Discordia 2.8.3
2020-08-14 19:34:37 | [INFO]    | Connecting to Discord...
2020-08-14 19:34:38 | [INFO]    | Authenticated as Testing Bot#2551
2020-08-14 19:34:38 | [INFO]    | Launching shard 0 (1 out of 1)...
2020-08-14 19:34:38 | [INFO]    | Shard 0 : Connected to wss://gateway.discord.gg
2020-08-14 19:34:38 | [INFO]    | Shard 0 : Received HELLO
2020-08-14 19:34:39 | [INFO]    | Shard 0 : Received READY
2020-08-14 19:38:02 | [INFO]    | Discordia 2.8.3
2020-08-14 19:38:02 | [INFO]    | Connecting to Discord...
2020-08-14 19:38:02 | [INFO]    | Authenticated as Testing Bot#2551
2020-08-14 19:38:02 | [INFO]    | Launching shard 0 (1 out of 1)...
2020-08-14 19:38:02 | [INFO]    | Shard 0 : Connected to wss://gateway.discord.gg
2020-08-14 19:38:02 | [INFO]    | Shard 0 : Received HELLO
2020-08-14 19:38:02 | [INFO]    | Shard 0 : Received READY
2020-08-14 19:39:50 | [INFO]    | Discordia 2.8.3
2020-08-14 19:39:50 | [INFO]    | Connecting to Discord...
2020-08-14 19:39:50 | [INFO]    | Authenticated as Testing Bot#2551
2020-08-14 19:39:50 | [INFO]    | Launching shard 0 (1 out of 1)...
2020-08-14 19:39:50 | [INFO]    | Shard 0 : Connected to wss://gateway.discord.gg
2020-08-14 19:39:50 | [INFO]    | Shard 0 : Received HELLO
2020-08-14 19:39:51 | [INFO]    | Shard 0 : Received READY
2020-08-14 19:40:10 | [INFO]    | Discordia 2.8.3
2020-08-14 19:40:10 | [INFO]    | Connecting to Discord...
2020-08-14 19:40:11 | [INFO]    | Authenticated as Testing Bot#2551
2020-08-14 19:40:11 | [INFO]    | Launching shard 0 (1 out of 1)...
2020-08-14 19:40:12 | [INFO]    | Shard 0 : Connected to wss://gateway.discord.gg
2020-08-14 19:40:12 | [INFO]    | Shard 0 : Received HELLO
2020-08-14 19:40:12 | [INFO]    | Shard 0 : Received READY
2020-08-14 19:41:00 | [INFO]    | Discordia 2.8.3
2020-08-14 19:41:00 | [INFO]    | Connecting to Discord...
2020-08-14 19:41:01 | [INFO]    | Authenticated as Testing Bot#2551
2020-08-14 19:41:01 | [INFO]    | Launching shard 0 (1 out of 1)...
2020-08-14 19:41:01 | [INFO]    | Shard 0 : Connected to wss://gateway.discord.gg
2020-08-14 19:41:01 | [INFO]    | Shard 0 : Received HELLO
2020-08-14 19:41:01 | [INFO]    | Shard 0 : Received READY
2020-08-14 19:44:01 | [INFO]    | Discordia 2.8.3
2020-08-14 19:44:01 | [INFO]    | Connecting to Discord...
2020-08-14 19:44:01 | [INFO]    | Authenticated as Testing Bot#2551
2020-08-14 19:44:01 | [INFO]    | Launching shard 0 (1 out of 1)...
2020-08-14 19:44:02 | [INFO]    | Shard 0 : Connected to wss://gateway.discord.gg
2020-08-14 19:44:02 | [INFO]    | Shard 0 : Received HELLO
2020-08-14 19:44:02 | [INFO]    | Shard 0 : Received READY
2020-08-14 19:44:13 | [INFO]    | Discordia 2.8.3
2020-08-14 19:44:13 | [INFO]    | Connecting to Discord...
2020-08-14 19:44:14 | [INFO]    | Authenticated as Testing Bot#2551
2020-08-14 19:44:14 | [INFO]    | Launching shard 0 (1 out of 1)...
2020-08-14 19:44:15 | [INFO]    | Shard 0 : Connected to wss://gateway.discord.gg
2020-08-14 19:44:15 | [INFO]    | Shard 0 : Received HELLO
2020-08-14 19:44:15 | [INFO]    | Shard 0 : Received READY
2020-08-14 19:48:54 | [INFO]    | Discordia 2.8.3
2020-08-14 19:48:54 | [INFO]    | Connecting to Discord...
2020-08-14 19:48:55 | [INFO]    | Authenticated as Testing Bot#2551
2020-08-14 19:48:55 | [INFO]    | Launching shard 0 (1 out of 1)...
2020-08-14 19:48:55 | [INFO]    | Shard 0 : Connected to wss://gateway.discord.gg
2020-08-14 19:48:55 | [INFO]    | Shard 0 : Received HELLO
2020-08-14 19:48:55 | [INFO]    | Shard 0 : Received READY
2020-08-14 19:49:15 | [INFO]    | Discordia 2.8.3
2020-08-14 19:49:15 | [INFO]    | Connecting to Discord...
2020-08-14 19:49:15 | [INFO]    | Authenticated as Testing Bot#2551
2020-08-14 19:49:15 | [INFO]    | Launching shard 0 (1 out of 1)...
2020-08-14 19:49:15 | [INFO]    | Shard 0 : Connected to wss://gateway.discord.gg
2020-08-14 19:49:15 | [INFO]    | Shard 0 : Received HELLO
2020-08-14 19:49:15 | [INFO]    | Shard 0 : Received READY
2020-08-14 19:49:28 | [INFO]    | Discordia 2.8.3
2020-08-14 19:49:28 | [INFO]    | Connecting to Discord...
2020-08-14 19:49:28 | [INFO]    | Authenticated as Testing Bot#2551
2020-08-14 19:49:28 | [INFO]    | Launching shard 0 (1 out of 1)...
2020-08-14 19:49:28 | [INFO]    | Shard 0 : Connected to wss://gateway.discord.gg
2020-08-14 19:49:28 | [INFO]    | Shard 0 : Received HELLO
2020-08-14 19:49:29 | [INFO]    | Shard 0 : Received READY
2020-08-14 19:49:52 | [INFO]    | Discordia 2.8.3
2020-08-14 19:49:52 | [INFO]    | Connecting to Discord...
2020-08-14 19:49:52 | [INFO]    | Authenticated as Testing Bot#2551
2020-08-14 19:49:52 | [INFO]    | Launching shard 0 (1 out of 1)...
2020-08-14 19:49:52 | [INFO]    | Shard 0 : Connected to wss://gateway.discord.gg
2020-08-14 19:49:52 | [INFO]    | Shard 0 : Received HELLO
2020-08-14 19:49:53 | [INFO]    | Shard 0 : Received READY
2020-08-14 19:52:07 | [INFO]    | Discordia 2.8.3
2020-08-14 19:52:07 | [INFO]    | Connecting to Discord...
2020-08-14 19:52:07 | [INFO]    | Authenticated as Testing Bot#2551
2020-08-14 19:52:07 | [INFO]    | Launching shard 0 (1 out of 1)...
2020-08-14 19:52:08 | [INFO]    | Shard 0 : Connected to wss://gateway.discord.gg
2020-08-14 19:52:08 | [INFO]    | Shard 0 : Received HELLO
2020-08-14 19:52:08 | [INFO]    | Shard 0 : Received READY
2020-08-14 19:52:19 | [INFO]    | Discordia 2.8.3
2020-08-14 19:52:19 | [INFO]    | Connecting to Discord...
2020-08-14 19:52:19 | [INFO]    | Authenticated as Testing Bot#2551
2020-08-14 19:52:19 | [INFO]    | Launching shard 0 (1 out of 1)...
2020-08-14 19:52:20 | [INFO]    | Shard 0 : Connected to wss://gateway.discord.gg
2020-08-14 19:52:20 | [INFO]    | Shard 0 : Received HELLO
2020-08-14 19:52:20 | [INFO]    | Shard 0 : Received READY
2020-08-14 19:53:09 | [INFO]    | Discordia 2.8.3
2020-08-14 19:53:09 | [INFO]    | Connecting to Discord...
2020-08-14 19:53:09 | [INFO]    | Authenticated as Testing Bot#2551
2020-08-14 19:53:09 | [INFO]    | Launching shard 0 (1 out of 1)...
2020-08-14 19:53:10 | [INFO]    | Shard 0 : Connected to wss://gateway.discord.gg
2020-08-14 19:53:10 | [INFO]    | Shard 0 : Received HELLO
2020-08-14 19:53:10 | [INFO]    | Shard 0 : Received READY
2020-08-14 19:53:32 | [INFO]    | Discordia 2.8.3
2020-08-14 19:53:32 | [INFO]    | Connecting to Discord...
2020-08-14 19:53:33 | [INFO]    | Authenticated as Testing Bot#2551
2020-08-14 19:53:33 | [INFO]    | Launching shard 0 (1 out of 1)...
2020-08-14 19:53:33 | [INFO]    | Shard 0 : Connected to wss://gateway.discord.gg
2020-08-14 19:53:33 | [INFO]    | Shard 0 : Received HELLO
2020-08-14 19:53:33 | [INFO]    | Shard 0 : Received READY
2020-08-14 19:53:46 | [INFO]    | Discordia 2.8.3
2020-08-14 19:53:46 | [INFO]    | Connecting to Discord...
2020-08-14 19:53:47 | [INFO]    | Authenticated as Testing Bot#2551
2020-08-14 19:53:47 | [INFO]    | Launching shard 0 (1 out of 1)...
2020-08-14 19:53:47 | [INFO]    | Shard 0 : Connected to wss://gateway.discord.gg
2020-08-14 19:53:47 | [INFO]    | Shard 0 : Received HELLO
2020-08-14 19:53:47 | [INFO]    | Shard 0 : Received READY
2020-08-14 19:54:52 | [INFO]    | Discordia 2.8.3
2020-08-14 19:54:52 | [INFO]    | Connecting to Discord...
2020-08-14 19:54:53 | [INFO]    | Authenticated as Testing Bot#2551
2020-08-14 19:54:53 | [INFO]    | Launching shard 0 (1 out of 1)...
2020-08-14 19:54:53 | [INFO]    | Shard 0 : Connected to wss://gateway.discord.gg
2020-08-14 19:54:53 | [INFO]    | Shard 0 : Received HELLO
2020-08-14 19:54:53 | [INFO]    | Shard 0 : Received READY
2020-08-14 19:59:50 | [INFO]    | Discordia 2.8.3
2020-08-14 19:59:50 | [INFO]    | Connecting to Discord...
2020-08-14 19:59:50 | [INFO]    | Authenticated as Testing Bot#2551
2020-08-14 19:59:50 | [INFO]    | Launching shard 0 (1 out of 1)...
2020-08-14 19:59:50 | [INFO]    | Shard 0 : Connected to wss://gateway.discord.gg
2020-08-14 19:59:50 | [INFO]    | Shard 0 : Received HELLO
2020-08-14 19:59:51 | [INFO]    | Shard 0 : Received READY
2020-08-14 20:02:10 | [INFO]    | Discordia 2.8.3
2020-08-14 20:02:10 | [INFO]    | Connecting to Discord...
2020-08-14 20:02:11 | [INFO]    | Authenticated as Testing Bot#2551
2020-08-14 20:02:11 | [INFO]    | Launching shard 0 (1 out of 1)...
2020-08-14 20:02:11 | [INFO]    | Shard 0 : Connected to wss://gateway.discord.gg
2020-08-14 20:02:11 | [INFO]    | Shard 0 : Received HELLO
2020-08-14 20:02:11 | [INFO]    | Shard 0 : Received READY
2020-08-14 20:03:17 | [INFO]    | Discordia 2.8.3
2020-08-14 20:03:17 | [INFO]    | Connecting to Discord...
2020-08-14 20:03:18 | [INFO]    | Authenticated as Testing Bot#2551
2020-08-14 20:03:18 | [INFO]    | Launching shard 0 (1 out of 1)...
2020-08-14 20:03:18 | [INFO]    | Shard 0 : Connected to wss://gateway.discord.gg
2020-08-14 20:03:18 | [INFO]    | Shard 0 : Received HELLO
2020-08-14 20:03:18 | [INFO]    | Shard 0 : Received READY
2020-08-14 20:03:52 | [INFO]    | Discordia 2.8.3
2020-08-14 20:03:52 | [INFO]    | Connecting to Discord...
2020-08-14 20:03:52 | [INFO]    | Authenticated as Testing Bot#2551
2020-08-14 20:03:52 | [INFO]    | Launching shard 0 (1 out of 1)...
2020-08-14 20:03:53 | [INFO]    | Shard 0 : Connected to wss://gateway.discord.gg
2020-08-14 20:03:53 | [INFO]    | Shard 0 : Received HELLO
2020-08-14 20:03:53 | [INFO]    | Shard 0 : Received READY
2020-08-14 20:04:23 | [INFO]    | Discordia 2.8.3
2020-08-14 20:04:23 | [INFO]    | Connecting to Discord...
2020-08-14 20:04:23 | [INFO]    | Authenticated as Testing Bot#2551
2020-08-14 20:04:23 | [INFO]    | Launching shard 0 (1 out of 1)...
2020-08-14 20:04:23 | [INFO]    | Shard 0 : Connected to wss://gateway.discord.gg
2020-08-14 20:04:23 | [INFO]    | Shard 0 : Received HELLO
2020-08-14 20:04:23 | [INFO]    | Shard 0 : Received READY
2020-08-14 20:04:32 | [INFO]    | Discordia 2.8.3
2020-08-14 20:04:32 | [INFO]    | Connecting to Discord...
2020-08-14 20:04:32 | [INFO]    | Authenticated as Testing Bot#2551
2020-08-14 20:04:32 | [INFO]    | Launching shard 0 (1 out of 1)...
2020-08-14 20:04:33 | [INFO]    | Shard 0 : Connected to wss://gateway.discord.gg
2020-08-14 20:04:33 | [INFO]    | Shard 0 : Received HELLO
2020-08-14 20:04:33 | [INFO]    | Shard 0 : Received READY
2020-08-14 20:04:39 | [INFO]    | Discordia 2.8.3
2020-08-14 20:04:39 | [INFO]    | Connecting to Discord...
2020-08-14 20:04:39 | [INFO]    | Authenticated as Testing Bot#2551
2020-08-14 20:04:39 | [INFO]    | Launching shard 0 (1 out of 1)...
2020-08-14 20:04:40 | [INFO]    | Shard 0 : Connected to wss://gateway.discord.gg
2020-08-14 20:04:40 | [INFO]    | Shard 0 : Received HELLO
2020-08-14 20:04:40 | [INFO]    | Shard 0 : Received READY
2020-08-14 20:05:01 | [INFO]    | Discordia 2.8.3
2020-08-14 20:05:01 | [INFO]    | Connecting to Discord...
2020-08-14 20:05:01 | [INFO]    | Authenticated as Testing Bot#2551
2020-08-14 20:05:01 | [INFO]    | Launching shard 0 (1 out of 1)...
2020-08-14 20:05:02 | [INFO]    | Shard 0 : Connected to wss://gateway.discord.gg
2020-08-14 20:05:02 | [INFO]    | Shard 0 : Received HELLO
2020-08-14 20:05:02 | [INFO]    | Shard 0 : Received READY
2020-08-14 20:05:28 | [INFO]    | Discordia 2.8.3
2020-08-14 20:05:28 | [INFO]    | Connecting to Discord...
2020-08-14 20:05:28 | [INFO]    | Authenticated as Testing Bot#2551
2020-08-14 20:05:28 | [INFO]    | Launching shard 0 (1 out of 1)...
2020-08-14 20:05:28 | [INFO]    | Shard 0 : Connected to wss://gateway.discord.gg
2020-08-14 20:05:29 | [INFO]    | Shard 0 : Received HELLO
2020-08-14 20:05:29 | [INFO]    | Shard 0 : Received READY
2020-08-14 20:05:44 | [INFO]    | Discordia 2.8.3
2020-08-14 20:05:44 | [INFO]    | Connecting to Discord...
2020-08-14 20:05:44 | [INFO]    | Authenticated as Testing Bot#2551
2020-08-14 20:05:44 | [INFO]    | Launching shard 0 (1 out of 1)...
2020-08-14 20:05:44 | [INFO]    | Shard 0 : Connected to wss://gateway.discord.gg
2020-08-14 20:05:44 | [INFO]    | Shard 0 : Received HELLO
2020-08-14 20:05:44 | [INFO]    | Shard 0 : Received READY
2020-08-14 20:06:36 | [INFO]    | Discordia 2.8.3
2020-08-14 20:06:36 | [INFO]    | Connecting to Discord...
2020-08-14 20:06:36 | [INFO]    | Authenticated as Testing Bot#2551
2020-08-14 20:06:36 | [INFO]    | Launching shard 0 (1 out of 1)...
2020-08-14 20:06:37 | [INFO]    | Shard 0 : Connected to wss://gateway.discord.gg
2020-08-14 20:06:37 | [INFO]    | Shard 0 : Received HELLO
2020-08-14 20:06:37 | [INFO]    | Shard 0 : Received READY
2020-08-14 20:06:59 | [INFO]    | Discordia 2.8.3
2020-08-14 20:06:59 | [INFO]    | Connecting to Discord...
2020-08-14 20:06:59 | [INFO]    | Authenticated as Testing Bot#2551
2020-08-14 20:06:59 | [INFO]    | Launching shard 0 (1 out of 1)...
2020-08-14 20:06:59 | [INFO]    | Shard 0 : Connected to wss://gateway.discord.gg
2020-08-14 20:06:59 | [INFO]    | Shard 0 : Received HELLO
2020-08-14 20:06:59 | [INFO]    | Shard 0 : Received READY
2020-08-14 20:07:16 | [INFO]    | Discordia 2.8.3
2020-08-14 20:07:16 | [INFO]    | Connecting to Discord...
2020-08-14 20:07:16 | [INFO]    | Authenticated as Testing Bot#2551
2020-08-14 20:07:16 | [INFO]    | Launching shard 0 (1 out of 1)...
2020-08-14 20:07:17 | [INFO]    | Shard 0 : Connected to wss://gateway.discord.gg
2020-08-14 20:07:17 | [INFO]    | Shard 0 : Received HELLO
2020-08-14 20:07:17 | [INFO]    | Shard 0 : Received READY
2020-08-14 20:10:27 | [INFO]    | Discordia 2.8.3
2020-08-14 20:10:27 | [INFO]    | Connecting to Discord...
2020-08-14 20:10:27 | [INFO]    | Authenticated as Testing Bot#2551
2020-08-14 20:10:27 | [INFO]    | Launching shard 0 (1 out of 1)...
2020-08-14 20:10:27 | [INFO]    | Shard 0 : Connected to wss://gateway.discord.gg
2020-08-14 20:10:27 | [INFO]    | Shard 0 : Received HELLO
2020-08-14 20:10:28 | [INFO]    | Shard 0 : Received READY
2020-08-14 20:13:09 | [INFO]    | Discordia 2.8.3
2020-08-14 20:13:09 | [INFO]    | Connecting to Discord...
2020-08-14 20:13:12 | [INFO]    | Authenticated as Testing Bot#2551
2020-08-14 20:13:12 | [INFO]    | Launching shard 0 (1 out of 1)...
2020-08-14 20:13:12 | [INFO]    | Shard 0 : Connected to wss://gateway.discord.gg
2020-08-14 20:13:12 | [INFO]    | Shard 0 : Received HELLO
2020-08-14 20:13:12 | [INFO]    | Shard 0 : Received READY
2020-08-14 20:14:44 | [INFO]    | Discordia 2.8.3
2020-08-14 20:14:44 | [INFO]    | Connecting to Discord...
2020-08-14 20:14:44 | [INFO]    | Authenticated as Testing Bot#2551
2020-08-14 20:14:44 | [INFO]    | Launching shard 0 (1 out of 1)...
2020-08-14 20:14:44 | [INFO]    | Shard 0 : Connected to wss://gateway.discord.gg
2020-08-14 20:14:44 | [INFO]    | Shard 0 : Received HELLO
2020-08-14 20:14:45 | [INFO]    | Shard 0 : Received READY
2020-08-14 20:14:57 | [INFO]    | Discordia 2.8.3
2020-08-14 20:14:57 | [INFO]    | Connecting to Discord...
2020-08-14 20:14:57 | [INFO]    | Authenticated as Testing Bot#2551
2020-08-14 20:14:57 | [INFO]    | Launching shard 0 (1 out of 1)...
2020-08-14 20:14:59 | [INFO]    | Shard 0 : Connected to wss://gateway.discord.gg
2020-08-14 20:14:59 | [INFO]    | Shard 0 : Received HELLO
2020-08-14 20:14:59 | [INFO]    | Shard 0 : Received READY
2020-08-14 20:17:23 | [INFO]    | Discordia 2.8.3
2020-08-14 20:17:23 | [INFO]    | Connecting to Discord...
2020-08-14 20:17:23 | [INFO]    | Authenticated as Testing Bot#2551
2020-08-14 20:17:23 | [INFO]    | Launching shard 0 (1 out of 1)...
2020-08-14 20:17:24 | [INFO]    | Shard 0 : Connected to wss://gateway.discord.gg
2020-08-14 20:17:24 | [INFO]    | Shard 0 : Received HELLO
2020-08-14 20:17:24 | [INFO]    | Shard 0 : Received READY
2020-08-14 20:18:21 | [INFO]    | Discordia 2.8.3
2020-08-14 20:18:21 | [INFO]    | Connecting to Discord...
2020-08-14 20:18:21 | [INFO]    | Authenticated as Testing Bot#2551
2020-08-14 20:18:21 | [INFO]    | Launching shard 0 (1 out of 1)...
2020-08-14 20:18:22 | [INFO]    | Shard 0 : Connected to wss://gateway.discord.gg
2020-08-14 20:18:22 | [INFO]    | Shard 0 : Received HELLO
2020-08-14 20:18:22 | [INFO]    | Shard 0 : Received READY
2020-08-14 20:19:09 | [INFO]    | Discordia 2.8.3
2020-08-14 20:19:09 | [INFO]    | Connecting to Discord...
2020-08-14 20:19:09 | [INFO]    | Authenticated as Testing Bot#2551
2020-08-14 20:19:09 | [INFO]    | Launching shard 0 (1 out of 1)...
2020-08-14 20:19:09 | [INFO]    | Shard 0 : Connected to wss://gateway.discord.gg
2020-08-14 20:19:09 | [INFO]    | Shard 0 : Received HELLO
2020-08-14 20:19:09 | [INFO]    | Shard 0 : Received READY
2020-08-14 20:19:20 | [INFO]    | Discordia 2.8.3
2020-08-14 20:19:20 | [INFO]    | Connecting to Discord...
2020-08-14 20:19:21 | [INFO]    | Authenticated as Testing Bot#2551
2020-08-14 20:19:21 | [INFO]    | Launching shard 0 (1 out of 1)...
2020-08-14 20:19:21 | [INFO]    | Shard 0 : Connected to wss://gateway.discord.gg
2020-08-14 20:19:21 | [INFO]    | Shard 0 : Received HELLO
2020-08-14 20:19:21 | [INFO]    | Shard 0 : Received READY
2020-08-14 20:23:29 | [INFO]    | Discordia 2.8.3
2020-08-14 20:23:29 | [INFO]    | Connecting to Discord...
2020-08-14 20:23:29 | [INFO]    | Authenticated as Testing Bot#2551
2020-08-14 20:23:29 | [INFO]    | Launching shard 0 (1 out of 1)...
2020-08-14 20:23:30 | [INFO]    | Shard 0 : Connected to wss://gateway.discord.gg
2020-08-14 20:23:30 | [INFO]    | Shard 0 : Received HELLO
2020-08-14 20:23:30 | [INFO]    | Shard 0 : Received READY
2020-08-14 20:25:30 | [INFO]    | Discordia 2.8.3
2020-08-14 20:25:30 | [INFO]    | Connecting to Discord...
2020-08-14 20:25:30 | [INFO]    | Authenticated as Testing Bot#2551
2020-08-14 20:25:30 | [INFO]    | Launching shard 0 (1 out of 1)...
2020-08-14 20:25:30 | [INFO]    | Shard 0 : Connected to wss://gateway.discord.gg
2020-08-14 20:25:30 | [INFO]    | Shard 0 : Received HELLO
2020-08-14 20:25:31 | [INFO]    | Shard 0 : Received READY
2020-08-14 20:26:08 | [INFO]    | Discordia 2.8.3
2020-08-14 20:26:08 | [INFO]    | Connecting to Discord...
2020-08-14 20:26:08 | [INFO]    | Authenticated as Testing Bot#2551
2020-08-14 20:26:08 | [INFO]    | Launching shard 0 (1 out of 1)...
2020-08-14 20:26:08 | [INFO]    | Shard 0 : Connected to wss://gateway.discord.gg
2020-08-14 20:26:08 | [INFO]    | Shard 0 : Received HELLO
2020-08-14 20:26:08 | [INFO]    | Shard 0 : Received READY
2020-08-14 20:28:50 | [INFO]    | Discordia 2.8.3
2020-08-14 20:28:50 | [INFO]    | Connecting to Discord...
2020-08-14 20:28:50 | [INFO]    | Authenticated as Testing Bot#2551
2020-08-14 20:28:50 | [INFO]    | Launching shard 0 (1 out of 1)...
2020-08-14 20:28:50 | [INFO]    | Shard 0 : Connected to wss://gateway.discord.gg
2020-08-14 20:28:50 | [INFO]    | Shard 0 : Received HELLO
2020-08-14 20:28:51 | [INFO]    | Shard 0 : Received READY
2020-08-14 20:29:32 | [INFO]    | Discordia 2.8.3
2020-08-14 20:29:32 | [INFO]    | Connecting to Discord...
2020-08-14 20:29:32 | [INFO]    | Authenticated as Testing Bot#2551
2020-08-14 20:29:32 | [INFO]    | Launching shard 0 (1 out of 1)...
2020-08-14 20:29:33 | [INFO]    | Shard 0 : Connected to wss://gateway.discord.gg
2020-08-14 20:29:33 | [INFO]    | Shard 0 : Received HELLO
2020-08-14 20:29:33 | [INFO]    | Shard 0 : Received READY
2020-08-14 20:30:53 | [INFO]    | Discordia 2.8.3
2020-08-14 20:30:53 | [INFO]    | Connecting to Discord...
2020-08-14 20:30:53 | [INFO]    | Authenticated as Testing Bot#2551
2020-08-14 20:30:53 | [INFO]    | Launching shard 0 (1 out of 1)...
2020-08-14 20:30:53 | [INFO]    | Shard 0 : Connected to wss://gateway.discord.gg
2020-08-14 20:30:53 | [INFO]    | Shard 0 : Received HELLO
2020-08-14 20:30:53 | [INFO]    | Shard 0 : Received READY
2020-08-14 20:33:32 | [INFO]    | Discordia 2.8.3
2020-08-14 20:33:32 | [INFO]    | Connecting to Discord...
2020-08-14 20:33:32 | [INFO]    | Authenticated as Testing Bot#2551
2020-08-14 20:33:33 | [INFO]    | Launching shard 0 (1 out of 1)...
2020-08-14 20:33:33 | [INFO]    | Shard 0 : Connected to wss://gateway.discord.gg
2020-08-14 20:33:33 | [INFO]    | Shard 0 : Received HELLO
2020-08-14 20:33:33 | [INFO]    | Shard 0 : Received READY
2020-08-14 20:33:37 | [ERROR]   | 400 - Bad Request : POST https://discordapp.com/api/v7/channels/739583878020202597/messages
2020-08-14 20:34:10 | [INFO]    | Discordia 2.8.3
2020-08-14 20:34:10 | [INFO]    | Connecting to Discord...
2020-08-14 20:34:11 | [INFO]    | Authenticated as Testing Bot#2551
2020-08-14 20:34:11 | [INFO]    | Launching shard 0 (1 out of 1)...
2020-08-14 20:34:11 | [INFO]    | Shard 0 : Connected to wss://gateway.discord.gg
2020-08-14 20:34:11 | [INFO]    | Shard 0 : Received HELLO
2020-08-14 20:34:11 | [INFO]    | Shard 0 : Received READY
2020-08-14 20:34:45 | [INFO]    | Discordia 2.8.3
2020-08-14 20:34:45 | [INFO]    | Connecting to Discord...
2020-08-14 20:34:45 | [INFO]    | Authenticated as Testing Bot#2551
2020-08-14 20:34:45 | [INFO]    | Launching shard 0 (1 out of 1)...
2020-08-14 20:34:45 | [INFO]    | Shard 0 : Connected to wss://gateway.discord.gg
2020-08-14 20:34:45 | [INFO]    | Shard 0 : Received HELLO
2020-08-14 20:34:45 | [INFO]    | Shard 0 : Received READY
2020-08-14 20:36:33 | [INFO]    | Discordia 2.8.3
2020-08-14 20:36:33 | [INFO]    | Connecting to Discord...
2020-08-14 20:36:33 | [INFO]    | Authenticated as Testing Bot#2551
2020-08-14 20:36:33 | [INFO]    | Launching shard 0 (1 out of 1)...
2020-08-14 20:36:34 | [INFO]    | Shard 0 : Connected to wss://gateway.discord.gg
2020-08-14 20:36:34 | [INFO]    | Shard 0 : Received HELLO
2020-08-14 20:36:34 | [INFO]    | Shard 0 : Received READY
2020-08-14 20:37:33 | [INFO]    | Discordia 2.8.3
2020-08-14 20:37:33 | [INFO]    | Connecting to Discord...
2020-08-14 20:37:33 | [INFO]    | Authenticated as Testing Bot#2551
2020-08-14 20:37:33 | [INFO]    | Launching shard 0 (1 out of 1)...
2020-08-14 20:37:33 | [INFO]    | Shard 0 : Connected to wss://gateway.discord.gg
2020-08-14 20:37:33 | [INFO]    | Shard 0 : Received HELLO
2020-08-14 20:37:33 | [INFO]    | Shard 0 : Received READY
2020-08-14 20:38:03 | [INFO]    | Discordia 2.8.3
2020-08-14 20:38:03 | [INFO]    | Connecting to Discord...
2020-08-14 20:38:03 | [INFO]    | Authenticated as Testing Bot#2551
2020-08-14 20:38:03 | [INFO]    | Launching shard 0 (1 out of 1)...
2020-08-14 20:38:03 | [INFO]    | Shard 0 : Connected to wss://gateway.discord.gg
2020-08-14 20:38:03 | [INFO]    | Shard 0 : Received HELLO
2020-08-14 20:38:03 | [INFO]    | Shard 0 : Received READY
2020-08-14 20:38:05 | [ERROR]   | 400 - Bad Request : POST https://discordapp.com/api/v7/channels/739583878020202597/messages
2020-08-14 20:38:08 | [ERROR]   | 400 - Bad Request : POST https://discordapp.com/api/v7/channels/739583878020202597/messages
2020-08-14 20:39:18 | [INFO]    | Discordia 2.8.3
2020-08-14 20:39:18 | [INFO]    | Connecting to Discord...
2020-08-14 20:39:19 | [INFO]    | Authenticated as Testing Bot#2551
2020-08-14 20:39:19 | [INFO]    | Launching shard 0 (1 out of 1)...
2020-08-14 20:39:19 | [INFO]    | Shard 0 : Connected to wss://gateway.discord.gg
2020-08-14 20:39:19 | [INFO]    | Shard 0 : Received HELLO
2020-08-14 20:39:19 | [INFO]    | Shard 0 : Received READY
2020-08-14 20:39:21 | [ERROR]   | 400 - Bad Request : POST https://discordapp.com/api/v7/channels/739583878020202597/messages
2020-08-14 20:39:37 | [INFO]    | Discordia 2.8.3
2020-08-14 20:39:37 | [INFO]    | Connecting to Discord...
2020-08-14 20:39:38 | [INFO]    | Authenticated as Testing Bot#2551
2020-08-14 20:39:38 | [INFO]    | Launching shard 0 (1 out of 1)...
2020-08-14 20:39:38 | [INFO]    | Shard 0 : Connected to wss://gateway.discord.gg
2020-08-14 20:39:38 | [INFO]    | Shard 0 : Received HELLO
2020-08-14 20:39:38 | [INFO]    | Shard 0 : Received READY
2020-08-14 20:39:40 | [ERROR]   | 400 - Bad Request : POST https://discordapp.com/api/v7/channels/739583878020202597/messages
2020-08-14 20:39:46 | [INFO]    | Discordia 2.8.3
2020-08-14 20:39:46 | [INFO]    | Connecting to Discord...
2020-08-14 20:39:46 | [INFO]    | Authenticated as Testing Bot#2551
2020-08-14 20:39:46 | [INFO]    | Launching shard 0 (1 out of 1)...
2020-08-14 20:39:47 | [INFO]    | Shard 0 : Connected to wss://gateway.discord.gg
2020-08-14 20:39:47 | [INFO]    | Shard 0 : Received HELLO
2020-08-14 20:39:47 | [INFO]    | Shard 0 : Received READY
2020-08-14 20:39:48 | [ERROR]   | 400 - Bad Request : POST https://discordapp.com/api/v7/channels/739583878020202597/messages
2020-08-14 20:40:17 | [INFO]    | Discordia 2.8.3
2020-08-14 20:40:17 | [INFO]    | Connecting to Discord...
2020-08-14 20:40:17 | [INFO]    | Authenticated as Testing Bot#2551
2020-08-14 20:40:17 | [INFO]    | Launching shard 0 (1 out of 1)...
2020-08-14 20:40:17 | [INFO]    | Shard 0 : Connected to wss://gateway.discord.gg
2020-08-14 20:40:17 | [INFO]    | Shard 0 : Received HELLO
2020-08-14 20:40:17 | [INFO]    | Shard 0 : Received READY
2020-08-14 20:40:19 | [ERROR]   | 400 - Bad Request : POST https://discordapp.com/api/v7/channels/739583878020202597/messages
2020-08-14 20:40:29 | [INFO]    | Discordia 2.8.3
2020-08-14 20:40:29 | [INFO]    | Connecting to Discord...
2020-08-14 20:40:29 | [INFO]    | Authenticated as Testing Bot#2551
2020-08-14 20:40:29 | [INFO]    | Launching shard 0 (1 out of 1)...
2020-08-14 20:40:29 | [INFO]    | Shard 0 : Connected to wss://gateway.discord.gg
2020-08-14 20:40:29 | [INFO]    | Shard 0 : Received HELLO
2020-08-14 20:40:30 | [INFO]    | Shard 0 : Received READY
2020-08-14 20:40:31 | [ERROR]   | 400 - Bad Request : POST https://discordapp.com/api/v7/channels/739583878020202597/messages
2020-08-14 20:40:50 | [INFO]    | Discordia 2.8.3
2020-08-14 20:40:50 | [INFO]    | Connecting to Discord...
2020-08-14 20:40:51 | [INFO]    | Authenticated as Testing Bot#2551
2020-08-14 20:40:51 | [INFO]    | Launching shard 0 (1 out of 1)...
2020-08-14 20:40:51 | [INFO]    | Shard 0 : Connected to wss://gateway.discord.gg
2020-08-14 20:40:51 | [INFO]    | Shard 0 : Received HELLO
2020-08-14 20:40:51 | [INFO]    | Shard 0 : Received READY
2020-08-14 20:41:00 | [INFO]    | Discordia 2.8.3
2020-08-14 20:41:00 | [INFO]    | Connecting to Discord...
2020-08-14 20:41:01 | [INFO]    | Authenticated as Testing Bot#2551
2020-08-14 20:41:01 | [INFO]    | Launching shard 0 (1 out of 1)...
2020-08-14 20:41:01 | [INFO]    | Shard 0 : Connected to wss://gateway.discord.gg
2020-08-14 20:41:01 | [INFO]    | Shard 0 : Received HELLO
2020-08-14 20:41:01 | [INFO]    | Shard 0 : Received READY
2020-08-14 20:44:08 | [INFO]    | Discordia 2.8.3
2020-08-14 20:44:08 | [INFO]    | Connecting to Discord...
2020-08-14 20:44:09 | [INFO]    | Authenticated as Testing Bot#2551
2020-08-14 20:44:09 | [INFO]    | Launching shard 0 (1 out of 1)...
2020-08-14 20:44:09 | [INFO]    | Shard 0 : Connected to wss://gateway.discord.gg
2020-08-14 20:44:09 | [INFO]    | Shard 0 : Received HELLO
2020-08-14 20:44:10 | [INFO]    | Shard 0 : Received READY
2020-08-14 20:44:24 | [INFO]    | Discordia 2.8.3
2020-08-14 20:44:24 | [INFO]    | Connecting to Discord...
2020-08-14 20:44:25 | [INFO]    | Authenticated as Testing Bot#2551
2020-08-14 20:44:25 | [INFO]    | Launching shard 0 (1 out of 1)...
2020-08-14 20:44:25 | [INFO]    | Shard 0 : Connected to wss://gateway.discord.gg
2020-08-14 20:44:25 | [INFO]    | Shard 0 : Received HELLO
2020-08-14 20:44:25 | [INFO]    | Shard 0 : Received READY
2020-08-14 20:44:27 | [ERROR]   | 400 - Bad Request : POST https://discordapp.com/api/v7/channels/739583878020202597/messages
2020-08-14 20:45:12 | [INFO]    | Discordia 2.8.3
2020-08-14 20:45:12 | [INFO]    | Connecting to Discord...
2020-08-14 20:45:12 | [INFO]    | Authenticated as Testing Bot#2551
2020-08-14 20:45:12 | [INFO]    | Launching shard 0 (1 out of 1)...
2020-08-14 20:45:13 | [INFO]    | Shard 0 : Connected to wss://gateway.discord.gg
2020-08-14 20:45:13 | [INFO]    | Shard 0 : Received HELLO
2020-08-14 20:45:13 | [INFO]    | Shard 0 : Received READY
2020-08-14 20:45:15 | [ERROR]   | 400 - Bad Request : POST https://discordapp.com/api/v7/channels/739583878020202597/messages
2020-08-14 20:45:27 | [INFO]    | Discordia 2.8.3
2020-08-14 20:45:27 | [INFO]    | Connecting to Discord...
2020-08-14 20:45:27 | [INFO]    | Authenticated as Testing Bot#2551
2020-08-14 20:45:27 | [INFO]    | Launching shard 0 (1 out of 1)...
2020-08-14 20:45:27 | [INFO]    | Shard 0 : Connected to wss://gateway.discord.gg
2020-08-14 20:45:27 | [INFO]    | Shard 0 : Received HELLO
2020-08-14 20:45:28 | [INFO]    | Shard 0 : Received READY
2020-08-14 20:45:29 | [ERROR]   | 400 - Bad Request : POST https://discordapp.com/api/v7/channels/739583878020202597/messages
2020-08-14 20:52:58 | [INFO]    | Discordia 2.8.3
2020-08-14 20:52:58 | [INFO]    | Connecting to Discord...
2020-08-14 20:52:58 | [INFO]    | Authenticated as Testing Bot#2551
2020-08-14 20:52:58 | [INFO]    | Launching shard 0 (1 out of 1)...
2020-08-14 20:52:58 | [INFO]    | Shard 0 : Connected to wss://gateway.discord.gg
2020-08-14 20:52:58 | [INFO]    | Shard 0 : Received HELLO
2020-08-14 20:52:59 | [INFO]    | Shard 0 : Received READY
2020-08-14 20:53:01 | [ERROR]   | 400 - Bad Request : POST https://discordapp.com/api/v7/channels/739583878020202597/messages
2020-08-14 20:55:02 | [INFO]    | Discordia 2.8.3
2020-08-14 20:55:02 | [INFO]    | Connecting to Discord...
2020-08-14 20:55:02 | [INFO]    | Authenticated as Testing Bot#2551
2020-08-14 20:55:02 | [INFO]    | Launching shard 0 (1 out of 1)...
2020-08-14 20:55:02 | [INFO]    | Shard 0 : Connected to wss://gateway.discord.gg
2020-08-14 20:55:02 | [INFO]    | Shard 0 : Received HELLO
2020-08-14 20:55:02 | [INFO]    | Shard 0 : Received READY
2020-08-14 20:55:07 | [ERROR]   | 400 - Bad Request : POST https://discordapp.com/api/v7/channels/739583878020202597/messages
2020-08-14 20:57:17 | [INFO]    | Discordia 2.8.3
2020-08-14 20:57:17 | [INFO]    | Connecting to Discord...
2020-08-14 20:57:17 | [INFO]    | Authenticated as Testing Bot#2551
2020-08-14 20:57:17 | [INFO]    | Launching shard 0 (1 out of 1)...
2020-08-14 20:57:18 | [INFO]    | Shard 0 : Connected to wss://gateway.discord.gg
2020-08-14 20:57:18 | [INFO]    | Shard 0 : Received HELLO
2020-08-14 20:57:18 | [INFO]    | Shard 0 : Received READY
2020-08-14 20:57:43 | [INFO]    | Discordia 2.8.3
2020-08-14 20:57:43 | [INFO]    | Connecting to Discord...
2020-08-14 20:57:43 | [INFO]    | Authenticated as Testing Bot#2551
2020-08-14 20:57:43 | [INFO]    | Launching shard 0 (1 out of 1)...
2020-08-14 20:57:43 | [INFO]    | Shard 0 : Connected to wss://gateway.discord.gg
2020-08-14 20:57:43 | [INFO]    | Shard 0 : Received HELLO
2020-08-14 20:57:43 | [INFO]    | Shard 0 : Received READY
2020-08-14 20:58:03 | [INFO]    | Discordia 2.8.3
2020-08-14 20:58:03 | [INFO]    | Connecting to Discord...
2020-08-14 20:58:03 | [INFO]    | Authenticated as Testing Bot#2551
2020-08-14 20:58:03 | [INFO]    | Launching shard 0 (1 out of 1)...
2020-08-14 20:58:03 | [INFO]    | Shard 0 : Connected to wss://gateway.discord.gg
2020-08-14 20:58:03 | [INFO]    | Shard 0 : Received HELLO
2020-08-14 20:58:04 | [INFO]    | Shard 0 : Received READY
2020-08-14 20:58:05 | [ERROR]   | 400 - Bad Request : POST https://discordapp.com/api/v7/channels/739583878020202597/messages
2020-08-14 20:58:47 | [INFO]    | Discordia 2.8.3
2020-08-14 20:58:47 | [INFO]    | Connecting to Discord...
2020-08-14 20:58:48 | [INFO]    | Authenticated as Testing Bot#2551
2020-08-14 20:58:48 | [INFO]    | Launching shard 0 (1 out of 1)...
2020-08-14 20:58:48 | [INFO]    | Shard 0 : Connected to wss://gateway.discord.gg
2020-08-14 20:58:48 | [INFO]    | Shard 0 : Received HELLO
2020-08-14 20:58:48 | [INFO]    | Shard 0 : Received READY
2020-08-14 20:58:50 | [ERROR]   | 400 - Bad Request : POST https://discordapp.com/api/v7/channels/739583878020202597/messages
2020-08-14 20:59:14 | [INFO]    | Discordia 2.8.3
2020-08-14 20:59:14 | [INFO]    | Connecting to Discord...
2020-08-14 20:59:14 | [INFO]    | Authenticated as Testing Bot#2551
2020-08-14 20:59:14 | [INFO]    | Launching shard 0 (1 out of 1)...
2020-08-14 20:59:15 | [INFO]    | Shard 0 : Connected to wss://gateway.discord.gg
2020-08-14 20:59:15 | [INFO]    | Shard 0 : Received HELLO
2020-08-14 20:59:15 | [INFO]    | Shard 0 : Received READY
2020-08-14 21:02:01 | [INFO]    | Discordia 2.8.3
2020-08-14 21:02:01 | [INFO]    | Connecting to Discord...
2020-08-14 21:02:01 | [INFO]    | Authenticated as Testing Bot#2551
2020-08-14 21:02:01 | [INFO]    | Launching shard 0 (1 out of 1)...
2020-08-14 21:02:02 | [INFO]    | Shard 0 : Connected to wss://gateway.discord.gg
2020-08-14 21:02:02 | [INFO]    | Shard 0 : Received HELLO
2020-08-14 21:02:02 | [INFO]    | Shard 0 : Received READY
2020-08-14 21:02:42 | [INFO]    | Discordia 2.8.3
2020-08-14 21:02:42 | [INFO]    | Connecting to Discord...
2020-08-14 21:02:43 | [INFO]    | Authenticated as Testing Bot#2551
2020-08-14 21:02:43 | [INFO]    | Launching shard 0 (1 out of 1)...
2020-08-14 21:02:43 | [INFO]    | Shard 0 : Connected to wss://gateway.discord.gg
2020-08-14 21:02:43 | [INFO]    | Shard 0 : Received HELLO
2020-08-14 21:02:43 | [INFO]    | Shard 0 : Received READY
2020-08-14 21:02:52 | [INFO]    | Discordia 2.8.3
2020-08-14 21:02:52 | [INFO]    | Connecting to Discord...
2020-08-14 21:02:53 | [INFO]    | Authenticated as Testing Bot#2551
2020-08-14 21:02:53 | [INFO]    | Launching shard 0 (1 out of 1)...
2020-08-14 21:02:53 | [INFO]    | Shard 0 : Connected to wss://gateway.discord.gg
2020-08-14 21:02:53 | [INFO]    | Shard 0 : Received HELLO
2020-08-14 21:02:53 | [INFO]    | Shard 0 : Received READY
2020-08-14 21:03:01 | [INFO]    | Discordia 2.8.3
2020-08-14 21:03:01 | [INFO]    | Connecting to Discord...
2020-08-14 21:03:02 | [INFO]    | Authenticated as Testing Bot#2551
2020-08-14 21:03:02 | [INFO]    | Launching shard 0 (1 out of 1)...
2020-08-14 21:03:03 | [INFO]    | Shard 0 : Connected to wss://gateway.discord.gg
2020-08-14 21:03:03 | [INFO]    | Shard 0 : Received HELLO
2020-08-14 21:03:03 | [INFO]    | Shard 0 : Received READY
2020-08-14 21:03:32 | [INFO]    | Discordia 2.8.3
2020-08-14 21:03:32 | [INFO]    | Connecting to Discord...
2020-08-14 21:03:32 | [INFO]    | Authenticated as Testing Bot#2551
2020-08-14 21:03:32 | [INFO]    | Launching shard 0 (1 out of 1)...
2020-08-14 21:03:33 | [INFO]    | Shard 0 : Connected to wss://gateway.discord.gg
2020-08-14 21:03:33 | [INFO]    | Shard 0 : Received HELLO
2020-08-14 21:03:33 | [INFO]    | Shard 0 : Received READY
2020-08-14 21:04:39 | [INFO]    | Discordia 2.8.3
2020-08-14 21:04:39 | [INFO]    | Connecting to Discord...
2020-08-14 21:04:40 | [INFO]    | Authenticated as Testing Bot#2551
2020-08-14 21:04:40 | [INFO]    | Launching shard 0 (1 out of 1)...
2020-08-14 21:04:40 | [INFO]    | Shard 0 : Connected to wss://gateway.discord.gg
2020-08-14 21:04:40 | [INFO]    | Shard 0 : Received HELLO
2020-08-14 21:04:40 | [INFO]    | Shard 0 : Received READY
2020-08-14 21:06:17 | [INFO]    | Discordia 2.8.3
2020-08-14 21:06:17 | [INFO]    | Connecting to Discord...
2020-08-14 21:06:18 | [INFO]    | Authenticated as Testing Bot#2551
2020-08-14 21:06:18 | [INFO]    | Launching shard 0 (1 out of 1)...
2020-08-14 21:06:18 | [INFO]    | Shard 0 : Connected to wss://gateway.discord.gg
2020-08-14 21:06:18 | [INFO]    | Shard 0 : Received HELLO
2020-08-14 21:06:19 | [INFO]    | Shard 0 : Received READY
2020-08-14 21:07:36 | [INFO]    | Discordia 2.8.3
2020-08-14 21:07:36 | [INFO]    | Connecting to Discord...
2020-08-14 21:07:36 | [INFO]    | Authenticated as Testing Bot#2551
2020-08-14 21:07:36 | [INFO]    | Launching shard 0 (1 out of 1)...
2020-08-14 21:07:36 | [INFO]    | Shard 0 : Connected to wss://gateway.discord.gg
2020-08-14 21:07:36 | [INFO]    | Shard 0 : Received HELLO
2020-08-14 21:07:36 | [INFO]    | Shard 0 : Received READY
2020-08-14 21:08:02 | [INFO]    | Discordia 2.8.3
2020-08-14 21:08:02 | [INFO]    | Connecting to Discord...
2020-08-14 21:08:02 | [INFO]    | Authenticated as Testing Bot#2551
2020-08-14 21:08:02 | [INFO]    | Launching shard 0 (1 out of 1)...
2020-08-14 21:08:02 | [INFO]    | Shard 0 : Connected to wss://gateway.discord.gg
2020-08-14 21:08:02 | [INFO]    | Shard 0 : Received HELLO
2020-08-14 21:08:02 | [INFO]    | Shard 0 : Received READY
2020-08-14 21:08:42 | [INFO]    | Discordia 2.8.3
2020-08-14 21:08:42 | [INFO]    | Connecting to Discord...
2020-08-14 21:08:43 | [INFO]    | Authenticated as Testing Bot#2551
2020-08-14 21:08:43 | [INFO]    | Launching shard 0 (1 out of 1)...
2020-08-14 21:08:43 | [INFO]    | Shard 0 : Connected to wss://gateway.discord.gg
2020-08-14 21:08:43 | [INFO]    | Shard 0 : Received HELLO
2020-08-14 21:08:43 | [INFO]    | Shard 0 : Received READY
2020-08-14 21:09:21 | [INFO]    | Discordia 2.8.3
2020-08-14 21:09:21 | [INFO]    | Connecting to Discord...
2020-08-14 21:09:22 | [INFO]    | Authenticated as Testing Bot#2551
2020-08-14 21:09:22 | [INFO]    | Launching shard 0 (1 out of 1)...
2020-08-14 21:09:23 | [INFO]    | Shard 0 : Connected to wss://gateway.discord.gg
2020-08-14 21:09:23 | [INFO]    | Shard 0 : Received HELLO
2020-08-14 21:09:23 | [INFO]    | Shard 0 : Received READY
2020-08-14 21:09:28 | [INFO]    | Discordia 2.8.3
2020-08-14 21:09:28 | [INFO]    | Connecting to Discord...
2020-08-14 21:09:28 | [INFO]    | Authenticated as Testing Bot#2551
2020-08-14 21:09:28 | [INFO]    | Launching shard 0 (1 out of 1)...
2020-08-14 21:09:28 | [INFO]    | Shard 0 : Connected to wss://gateway.discord.gg
2020-08-14 21:09:28 | [INFO]    | Shard 0 : Received HELLO
2020-08-14 21:09:28 | [INFO]    | Shard 0 : Received READY
2020-08-14 21:11:34 | [INFO]    | Discordia 2.8.3
2020-08-14 21:11:34 | [INFO]    | Connecting to Discord...
2020-08-14 21:11:35 | [INFO]    | Authenticated as Testing Bot#2551
2020-08-14 21:11:35 | [INFO]    | Launching shard 0 (1 out of 1)...
2020-08-14 21:11:35 | [INFO]    | Shard 0 : Connected to wss://gateway.discord.gg
2020-08-14 21:11:35 | [INFO]    | Shard 0 : Received HELLO
2020-08-14 21:11:35 | [INFO]    | Shard 0 : Received READY
2020-08-14 21:11:59 | [INFO]    | Discordia 2.8.3
2020-08-14 21:11:59 | [INFO]    | Connecting to Discord...
2020-08-14 21:12:00 | [INFO]    | Authenticated as Testing Bot#2551
2020-08-14 21:12:00 | [INFO]    | Launching shard 0 (1 out of 1)...
2020-08-14 21:12:01 | [INFO]    | Shard 0 : Connected to wss://gateway.discord.gg
2020-08-14 21:12:01 | [INFO]    | Shard 0 : Received HELLO
2020-08-14 21:12:01 | [INFO]    | Shard 0 : Received READY
2020-08-14 21:13:40 | [INFO]    | Discordia 2.8.3
2020-08-14 21:13:40 | [INFO]    | Connecting to Discord...
2020-08-14 21:13:40 | [INFO]    | Authenticated as Testing Bot#2551
2020-08-14 21:13:40 | [INFO]    | Launching shard 0 (1 out of 1)...
2020-08-14 21:13:40 | [INFO]    | Shard 0 : Connected to wss://gateway.discord.gg
2020-08-14 21:13:40 | [INFO]    | Shard 0 : Received HELLO
2020-08-14 21:13:41 | [INFO]    | Shard 0 : Received READY
2020-08-14 21:13:57 | [INFO]    | Discordia 2.8.3
2020-08-14 21:13:57 | [INFO]    | Connecting to Discord...
2020-08-14 21:13:57 | [INFO]    | Authenticated as Testing Bot#2551
2020-08-14 21:13:57 | [INFO]    | Launching shard 0 (1 out of 1)...
2020-08-14 21:13:57 | [INFO]    | Shard 0 : Connected to wss://gateway.discord.gg
2020-08-14 21:13:57 | [INFO]    | Shard 0 : Received HELLO
2020-08-14 21:13:57 | [INFO]    | Shard 0 : Received READY
2020-08-14 21:14:44 | [INFO]    | Discordia 2.8.3
2020-08-14 21:14:44 | [INFO]    | Connecting to Discord...
2020-08-14 21:14:44 | [INFO]    | Authenticated as Testing Bot#2551
2020-08-14 21:14:44 | [INFO]    | Launching shard 0 (1 out of 1)...
2020-08-14 21:14:44 | [INFO]    | Shard 0 : Connected to wss://gateway.discord.gg
2020-08-14 21:14:44 | [INFO]    | Shard 0 : Received HELLO
2020-08-14 21:14:44 | [INFO]    | Shard 0 : Received READY
2020-08-14 21:15:35 | [INFO]    | Discordia 2.8.3
2020-08-14 21:15:35 | [INFO]    | Connecting to Discord...
2020-08-14 21:15:35 | [INFO]    | Authenticated as Testing Bot#2551
2020-08-14 21:15:35 | [INFO]    | Launching shard 0 (1 out of 1)...
2020-08-14 21:15:35 | [INFO]    | Shard 0 : Connected to wss://gateway.discord.gg
2020-08-14 21:15:35 | [INFO]    | Shard 0 : Received HELLO
2020-08-14 21:15:36 | [INFO]    | Shard 0 : Received READY
2020-08-14 21:16:37 | [INFO]    | Discordia 2.8.3
2020-08-14 21:16:37 | [INFO]    | Connecting to Discord...
2020-08-14 21:16:37 | [INFO]    | Authenticated as Testing Bot#2551
2020-08-14 21:16:37 | [WARNING] | Requested shard count (99) is different from recommended count (1)
2020-08-14 21:16:37 | [INFO]    | Launching shards 0 through 98 (99 out of 99)...
2020-08-14 21:16:37 | [INFO]    | Shard 0 : Connected to wss://gateway.discord.gg
2020-08-14 21:16:37 | [INFO]    | Shard 0 : Received HELLO
2020-08-14 21:16:37 | [INFO]    | Shard 0 : Received READY
2020-08-14 21:16:43 | [INFO]    | Shard 1 : Connected to wss://gateway.discord.gg
2020-08-14 21:16:43 | [INFO]    | Shard 1 : Received HELLO
2020-08-14 21:16:43 | [INFO]    | Shard 1 : Received READY
2020-08-14 21:17:52 | [INFO]    | Discordia 2.8.3
2020-08-14 21:17:52 | [INFO]    | Connecting to Discord...
2020-08-14 21:17:52 | [INFO]    | Authenticated as Testing Bot#2551
2020-08-14 21:17:52 | [INFO]    | Launching shard 0 (1 out of 1)...
2020-08-14 21:17:52 | [INFO]    | Shard 0 : Connected to wss://gateway.discord.gg
2020-08-14 21:17:52 | [INFO]    | Shard 0 : Received HELLO
2020-08-14 21:17:53 | [INFO]    | Shard 0 : Received READY
2020-08-14 21:18:06 | [INFO]    | Discordia 2.8.3
2020-08-14 21:18:06 | [INFO]    | Connecting to Discord...
2020-08-14 21:18:06 | [INFO]    | Authenticated as Testing Bot#2551
2020-08-14 21:18:06 | [INFO]    | Launching shard 0 (1 out of 1)...
2020-08-14 21:18:06 | [INFO]    | Shard 0 : Connected to wss://gateway.discord.gg
2020-08-14 21:18:06 | [INFO]    | Shard 0 : Received HELLO
2020-08-14 21:18:06 | [INFO]    | Shard 0 : Received READY
2020-08-14 21:18:13 | [INFO]    | Discordia 2.8.3
2020-08-14 21:18:13 | [INFO]    | Connecting to Discord...
2020-08-14 21:18:13 | [INFO]    | Authenticated as Testing Bot#2551
2020-08-14 21:18:13 | [INFO]    | Launching shard 0 (1 out of 1)...
2020-08-14 21:18:14 | [INFO]    | Shard 0 : Connected to wss://gateway.discord.gg
2020-08-14 21:18:14 | [INFO]    | Shard 0 : Received HELLO
2020-08-14 21:18:14 | [INFO]    | Shard 0 : Received READY
2020-08-14 21:18:18 | [INFO]    | Discordia 2.8.3
2020-08-14 21:18:18 | [INFO]    | Connecting to Discord...
2020-08-14 21:18:18 | [INFO]    | Authenticated as Testing Bot#2551
2020-08-14 21:18:18 | [INFO]    | Launching shard 0 (1 out of 1)...
2020-08-14 21:18:19 | [INFO]    | Shard 0 : Connected to wss://gateway.discord.gg
2020-08-14 21:18:19 | [INFO]    | Shard 0 : Received HELLO
2020-08-14 21:18:19 | [INFO]    | Shard 0 : Received READY
2020-08-14 21:18:38 | [INFO]    | Discordia 2.8.3
2020-08-14 21:18:38 | [INFO]    | Connecting to Discord...
2020-08-14 21:18:38 | [INFO]    | Authenticated as Testing Bot#2551
2020-08-14 21:18:38 | [INFO]    | Launching shard 0 (1 out of 1)...
2020-08-14 21:18:39 | [INFO]    | Shard 0 : Connected to wss://gateway.discord.gg
2020-08-14 21:18:39 | [INFO]    | Shard 0 : Received HELLO
2020-08-14 21:18:39 | [INFO]    | Shard 0 : Received READY
2020-08-15 16:18:03 | [INFO]    | Discordia 2.8.3
2020-08-15 16:18:03 | [INFO]    | Connecting to Discord...
2020-08-15 16:18:04 | [INFO]    | Authenticated as Testing Bot#2551
2020-08-15 16:18:04 | [INFO]    | Launching shard 0 (1 out of 1)...
2020-08-15 16:18:04 | [INFO]    | Shard 0 : Connected to wss://gateway.discord.gg
2020-08-15 16:18:04 | [INFO]    | Shard 0 : Received HELLO
2020-08-15 16:18:04 | [INFO]    | Shard 0 : Received READY
2020-08-15 16:18:53 | [INFO]    | Discordia 2.8.3
2020-08-15 16:18:53 | [INFO]    | Connecting to Discord...
2020-08-15 16:18:53 | [INFO]    | Authenticated as Testing Bot#2551
2020-08-15 16:18:53 | [INFO]    | Launching shard 0 (1 out of 1)...
2020-08-15 16:18:54 | [INFO]    | Shard 0 : Connected to wss://gateway.discord.gg
2020-08-15 16:18:54 | [INFO]    | Shard 0 : Received HELLO
2020-08-15 16:18:54 | [INFO]    | Shard 0 : Received READY
2020-08-15 16:19:29 | [INFO]    | Discordia 2.8.3
2020-08-15 16:19:29 | [INFO]    | Connecting to Discord...
2020-08-15 16:19:29 | [INFO]    | Authenticated as Testing Bot#2551
2020-08-15 16:19:29 | [INFO]    | Launching shard 0 (1 out of 1)...
2020-08-15 16:19:29 | [INFO]    | Shard 0 : Connected to wss://gateway.discord.gg
2020-08-15 16:19:29 | [INFO]    | Shard 0 : Received HELLO
2020-08-15 16:19:30 | [INFO]    | Shard 0 : Received READY
2020-08-15 16:21:45 | [INFO]    | Discordia 2.8.3
2020-08-15 16:21:45 | [INFO]    | Connecting to Discord...
2020-08-15 16:21:45 | [INFO]    | Authenticated as Testing Bot#2551
2020-08-15 16:21:45 | [INFO]    | Launching shard 0 (1 out of 1)...
2020-08-15 16:21:46 | [INFO]    | Shard 0 : Connected to wss://gateway.discord.gg
2020-08-15 16:21:46 | [INFO]    | Shard 0 : Received HELLO
2020-08-15 16:21:46 | [INFO]    | Shard 0 : Received READY
2020-08-15 16:22:09 | [INFO]    | Discordia 2.8.3
2020-08-15 16:22:09 | [INFO]    | Connecting to Discord...
2020-08-15 16:22:10 | [INFO]    | Authenticated as Testing Bot#2551
2020-08-15 16:22:10 | [INFO]    | Launching shard 0 (1 out of 1)...
2020-08-15 16:22:10 | [INFO]    | Shard 0 : Connected to wss://gateway.discord.gg
2020-08-15 16:22:10 | [INFO]    | Shard 0 : Received HELLO
2020-08-15 16:22:10 | [INFO]    | Shard 0 : Received READY
2020-08-15 16:22:12 | [ERROR]   | 400 - Bad Request : POST https://discordapp.com/api/v7/channels/739583878020202597/messages
2020-08-15 16:22:43 | [INFO]    | Discordia 2.8.3
2020-08-15 16:22:43 | [INFO]    | Connecting to Discord...
2020-08-15 16:22:44 | [INFO]    | Authenticated as Testing Bot#2551
2020-08-15 16:22:44 | [INFO]    | Launching shard 0 (1 out of 1)...
2020-08-15 16:22:44 | [INFO]    | Shard 0 : Connected to wss://gateway.discord.gg
2020-08-15 16:22:44 | [INFO]    | Shard 0 : Received HELLO
2020-08-15 16:22:44 | [INFO]    | Shard 0 : Received READY
2020-08-15 16:22:59 | [INFO]    | Discordia 2.8.3
2020-08-15 16:22:59 | [INFO]    | Connecting to Discord...
2020-08-15 16:23:00 | [INFO]    | Authenticated as Testing Bot#2551
2020-08-15 16:23:00 | [INFO]    | Launching shard 0 (1 out of 1)...
2020-08-15 16:23:00 | [INFO]    | Shard 0 : Connected to wss://gateway.discord.gg
2020-08-15 16:23:00 | [INFO]    | Shard 0 : Received HELLO
2020-08-15 16:23:00 | [INFO]    | Shard 0 : Received READY
2020-08-15 16:23:20 | [INFO]    | Discordia 2.8.3
2020-08-15 16:23:20 | [INFO]    | Connecting to Discord...
2020-08-15 16:23:20 | [INFO]    | Authenticated as Testing Bot#2551
2020-08-15 16:23:20 | [INFO]    | Launching shard 0 (1 out of 1)...
2020-08-15 16:23:21 | [INFO]    | Shard 0 : Connected to wss://gateway.discord.gg
2020-08-15 16:23:21 | [INFO]    | Shard 0 : Received HELLO
2020-08-15 16:23:21 | [INFO]    | Shard 0 : Received READY
2020-08-15 16:24:23 | [INFO]    | Discordia 2.8.3
2020-08-15 16:24:23 | [INFO]    | Connecting to Discord...
2020-08-15 16:24:23 | [INFO]    | Authenticated as Testing Bot#2551
2020-08-15 16:24:23 | [INFO]    | Launching shard 0 (1 out of 1)...
2020-08-15 16:24:24 | [INFO]    | Shard 0 : Connected to wss://gateway.discord.gg
2020-08-15 16:24:24 | [INFO]    | Shard 0 : Received HELLO
2020-08-15 16:24:24 | [INFO]    | Shard 0 : Received READY
2020-08-15 16:25:11 | [INFO]    | Discordia 2.8.3
2020-08-15 16:25:11 | [INFO]    | Connecting to Discord...
2020-08-15 16:25:11 | [INFO]    | Authenticated as Testing Bot#2551
2020-08-15 16:25:11 | [INFO]    | Launching shard 0 (1 out of 1)...
2020-08-15 16:25:11 | [INFO]    | Shard 0 : Connected to wss://gateway.discord.gg
2020-08-15 16:25:11 | [INFO]    | Shard 0 : Received HELLO
2020-08-15 16:25:11 | [INFO]    | Shard 0 : Received READY
2020-08-15 16:25:21 | [INFO]    | Discordia 2.8.3
2020-08-15 16:25:21 | [INFO]    | Connecting to Discord...
2020-08-15 16:25:21 | [INFO]    | Authenticated as Testing Bot#2551
2020-08-15 16:25:21 | [INFO]    | Launching shard 0 (1 out of 1)...
2020-08-15 16:25:21 | [INFO]    | Shard 0 : Connected to wss://gateway.discord.gg
2020-08-15 16:25:21 | [INFO]    | Shard 0 : Received HELLO
2020-08-15 16:25:22 | [INFO]    | Shard 0 : Received READY
2020-08-15 16:25:25 | [INFO]    | Discordia 2.8.3
2020-08-15 16:25:25 | [INFO]    | Connecting to Discord...
2020-08-15 16:25:25 | [INFO]    | Authenticated as Testing Bot#2551
2020-08-15 16:25:25 | [INFO]    | Launching shard 0 (1 out of 1)...
2020-08-15 16:25:25 | [INFO]    | Shard 0 : Connected to wss://gateway.discord.gg
2020-08-15 16:25:25 | [INFO]    | Shard 0 : Received HELLO
2020-08-15 16:25:26 | [INFO]    | Shard 0 : Session invalidated, re-identifying...
2020-08-15 16:25:33 | [INFO]    | Discordia 2.8.3
2020-08-15 16:25:33 | [INFO]    | Connecting to Discord...
2020-08-15 16:25:33 | [INFO]    | Authenticated as Testing Bot#2551
2020-08-15 16:25:33 | [INFO]    | Launching shard 0 (1 out of 1)...
2020-08-15 16:25:33 | [INFO]    | Shard 0 : Connected to wss://gateway.discord.gg
2020-08-15 16:25:33 | [INFO]    | Shard 0 : Received HELLO
2020-08-15 16:25:33 | [INFO]    | Shard 0 : Received READY
2020-08-20 12:35:56 | [INFO]    | Discordia 2.8.3
2020-08-20 12:35:56 | [INFO]    | Connecting to Discord...
2020-08-20 12:35:56 | [INFO]    | Authenticated as Testing Bot#2551
2020-08-20 12:35:56 | [INFO]    | Launching shard 0 (1 out of 1)...
2020-08-20 12:35:57 | [INFO]    | Shard 0 : Connected to wss://gateway.discord.gg
2020-08-20 12:35:57 | [INFO]    | Shard 0 : Received HELLO
2020-08-20 12:35:57 | [INFO]    | Shard 0 : Received READY
2020-08-20 12:38:46 | [INFO]    | Discordia 2.8.3
2020-08-20 12:38:46 | [INFO]    | Connecting to Discord...
2020-08-20 12:38:46 | [INFO]    | Authenticated as Testing Bot#2551
2020-08-20 12:38:46 | [INFO]    | Launching shard 0 (1 out of 1)...
2020-08-20 12:38:46 | [INFO]    | Shard 0 : Connected to wss://gateway.discord.gg
2020-08-20 12:38:46 | [INFO]    | Shard 0 : Received HELLO
2020-08-20 12:38:46 | [INFO]    | Shard 0 : Received READY
2020-08-20 12:39:02 | [INFO]    | Discordia 2.8.3
2020-08-20 12:39:02 | [INFO]    | Connecting to Discord...
2020-08-20 12:39:03 | [INFO]    | Authenticated as Testing Bot#2551
2020-08-20 12:39:03 | [INFO]    | Launching shard 0 (1 out of 1)...
2020-08-20 12:39:03 | [INFO]    | Shard 0 : Connected to wss://gateway.discord.gg
2020-08-20 12:39:03 | [INFO]    | Shard 0 : Received HELLO
2020-08-20 12:39:03 | [INFO]    | Shard 0 : Received READY
2020-08-20 12:41:43 | [INFO]    | Discordia 2.8.3
2020-08-20 12:41:43 | [INFO]    | Connecting to Discord...
2020-08-20 12:41:43 | [INFO]    | Authenticated as Testing Bot#2551
2020-08-20 12:41:43 | [INFO]    | Launching shard 0 (1 out of 1)...
2020-08-20 12:41:43 | [INFO]    | Shard 0 : Connected to wss://gateway.discord.gg
2020-08-20 12:41:43 | [INFO]    | Shard 0 : Received HELLO
2020-08-20 12:41:43 | [INFO]    | Shard 0 : Received READY
2020-08-20 12:41:44 | [ERROR]   | 400 - Bad Request : PATCH https://discordapp.com/api/v7/users/@me
2020-08-20 12:42:13 | [INFO]    | Discordia 2.8.3
2020-08-20 12:42:13 | [INFO]    | Connecting to Discord...
2020-08-20 12:42:13 | [INFO]    | Authenticated as Testing Bot#2551
2020-08-20 12:42:13 | [INFO]    | Launching shard 0 (1 out of 1)...
2020-08-20 12:42:13 | [INFO]    | Shard 0 : Connected to wss://gateway.discord.gg
2020-08-20 12:42:13 | [INFO]    | Shard 0 : Received HELLO
2020-08-20 12:42:14 | [INFO]    | Shard 0 : Received READY
2020-08-20 12:42:14 | [INFO]    | Shard 0 : Disconnected
2020-08-20 12:43:25 | [INFO]    | Discordia 2.8.3
2020-08-20 12:43:25 | [INFO]    | Connecting to Discord...
2020-08-20 12:43:26 | [INFO]    | Authenticated as Testing Bot#2551
2020-08-20 12:43:26 | [INFO]    | Launching shard 0 (1 out of 1)...
2020-08-20 12:43:26 | [INFO]    | Shard 0 : Connected to wss://gateway.discord.gg
2020-08-20 12:43:26 | [INFO]    | Shard 0 : Received HELLO
2020-08-20 12:43:26 | [INFO]    | Shard 0 : Received READY
2020-08-20 12:43:35 | [INFO]    | Discordia 2.8.3
2020-08-20 12:43:35 | [INFO]    | Connecting to Discord...
2020-08-20 12:43:35 | [INFO]    | Authenticated as Testing Bot#2551
2020-08-20 12:43:35 | [INFO]    | Launching shard 0 (1 out of 1)...
2020-08-20 12:43:36 | [INFO]    | Shard 0 : Connected to wss://gateway.discord.gg
2020-08-20 12:43:36 | [INFO]    | Shard 0 : Received HELLO
2020-08-20 12:43:36 | [INFO]    | Shard 0 : Received READY
2020-08-20 12:43:43 | [INFO]    | Discordia 2.8.3
2020-08-20 12:43:43 | [INFO]    | Connecting to Discord...
2020-08-20 12:43:43 | [INFO]    | Authenticated as Testing Bot#2551
2020-08-20 12:43:43 | [INFO]    | Launching shard 0 (1 out of 1)...
2020-08-20 12:43:44 | [INFO]    | Shard 0 : Connected to wss://gateway.discord.gg
2020-08-20 12:43:44 | [INFO]    | Shard 0 : Received HELLO
2020-08-20 12:43:44 | [INFO]    | Shard 0 : Received READY
2020-08-20 12:44:19 | [INFO]    | Discordia 2.8.3
2020-08-20 12:44:19 | [INFO]    | Connecting to Discord...
2020-08-20 12:44:19 | [INFO]    | Authenticated as Testing Bot#2551
2020-08-20 12:44:19 | [INFO]    | Launching shard 0 (1 out of 1)...
2020-08-20 12:44:19 | [INFO]    | Shard 0 : Connected to wss://gateway.discord.gg
2020-08-20 12:44:19 | [INFO]    | Shard 0 : Received HELLO
2020-08-20 12:44:20 | [INFO]    | Shard 0 : Received READY
2020-08-20 12:44:25 | [INFO]    | Discordia 2.8.3
2020-08-20 12:44:25 | [INFO]    | Connecting to Discord...
2020-08-20 12:44:25 | [INFO]    | Authenticated as Testing Bot#2551
2020-08-20 12:44:25 | [INFO]    | Launching shard 0 (1 out of 1)...
2020-08-20 12:44:25 | [INFO]    | Shard 0 : Connected to wss://gateway.discord.gg
2020-08-20 12:44:25 | [INFO]    | Shard 0 : Received HELLO
2020-08-20 12:44:25 | [INFO]    | Shard 0 : Received READY
2020-08-20 12:45:38 | [INFO]    | Discordia 2.8.3
2020-08-20 12:45:38 | [INFO]    | Connecting to Discord...
2020-08-20 12:45:39 | [INFO]    | Authenticated as Testing Bot#2551
2020-08-20 12:45:39 | [INFO]    | Launching shard 0 (1 out of 1)...
2020-08-20 12:45:39 | [INFO]    | Shard 0 : Connected to wss://gateway.discord.gg
2020-08-20 12:45:39 | [INFO]    | Shard 0 : Received HELLO
2020-08-20 12:45:39 | [INFO]    | Shard 0 : Received READY
2020-08-20 12:45:57 | [INFO]    | Discordia 2.8.3
2020-08-20 12:45:57 | [INFO]    | Connecting to Discord...
2020-08-20 12:45:58 | [INFO]    | Authenticated as Testing Bot#2551
2020-08-20 12:45:58 | [INFO]    | Launching shard 0 (1 out of 1)...
2020-08-20 12:45:58 | [INFO]    | Shard 0 : Connected to wss://gateway.discord.gg
2020-08-20 12:45:58 | [INFO]    | Shard 0 : Received HELLO
2020-08-20 12:45:58 | [INFO]    | Shard 0 : Received READY
2020-08-20 12:46:24 | [INFO]    | Discordia 2.8.3
2020-08-20 12:46:24 | [INFO]    | Connecting to Discord...
2020-08-20 12:46:24 | [INFO]    | Authenticated as Testing Bot#2551
2020-08-20 12:46:24 | [INFO]    | Launching shard 0 (1 out of 1)...
2020-08-20 12:46:24 | [INFO]    | Shard 0 : Connected to wss://gateway.discord.gg
2020-08-20 12:46:24 | [INFO]    | Shard 0 : Received HELLO
2020-08-20 12:46:24 | [INFO]    | Shard 0 : Received READY
2020-08-20 12:46:40 | [INFO]    | Discordia 2.8.3
2020-08-20 12:46:40 | [INFO]    | Connecting to Discord...
2020-08-20 12:46:40 | [INFO]    | Authenticated as Testing Bot#2551
2020-08-20 12:46:40 | [INFO]    | Launching shard 0 (1 out of 1)...
2020-08-20 12:46:40 | [INFO]    | Shard 0 : Connected to wss://gateway.discord.gg
2020-08-20 12:46:40 | [INFO]    | Shard 0 : Received HELLO
2020-08-20 12:46:41 | [INFO]    | Shard 0 : Received READY
2020-08-20 12:46:45 | [INFO]    | Discordia 2.8.3
2020-08-20 12:46:45 | [INFO]    | Connecting to Discord...
2020-08-20 12:46:46 | [INFO]    | Authenticated as Testing Bot#2551
2020-08-20 12:46:46 | [INFO]    | Launching shard 0 (1 out of 1)...
2020-08-20 12:46:46 | [INFO]    | Shard 0 : Connected to wss://gateway.discord.gg
2020-08-20 12:46:46 | [INFO]    | Shard 0 : Received HELLO
2020-08-20 12:46:46 | [INFO]    | Shard 0 : Received READY
2020-08-20 12:47:04 | [INFO]    | Discordia 2.8.3
2020-08-20 12:47:04 | [INFO]    | Connecting to Discord...
2020-08-20 12:47:04 | [INFO]    | Authenticated as Testing Bot#2551
2020-08-20 12:47:04 | [INFO]    | Launching shard 0 (1 out of 1)...
2020-08-20 12:47:04 | [INFO]    | Shard 0 : Connected to wss://gateway.discord.gg
2020-08-20 12:47:04 | [INFO]    | Shard 0 : Received HELLO
2020-08-20 12:47:05 | [INFO]    | Shard 0 : Received READY
2020-08-20 12:48:02 | [INFO]    | Discordia 2.8.3
2020-08-20 12:48:02 | [INFO]    | Connecting to Discord...
2020-08-20 12:48:02 | [INFO]    | Authenticated as Testing Bot#2551
2020-08-20 12:48:02 | [INFO]    | Launching shard 0 (1 out of 1)...
2020-08-20 12:48:02 | [INFO]    | Shard 0 : Connected to wss://gateway.discord.gg
2020-08-20 12:48:02 | [INFO]    | Shard 0 : Received HELLO
2020-08-20 12:48:02 | [INFO]    | Shard 0 : Received READY
2020-08-20 12:48:30 | [INFO]    | Discordia 2.8.3
2020-08-20 12:48:30 | [INFO]    | Connecting to Discord...
2020-08-20 12:48:30 | [INFO]    | Authenticated as Testing Bot#2551
2020-08-20 12:48:30 | [INFO]    | Launching shard 0 (1 out of 1)...
2020-08-20 12:48:30 | [INFO]    | Shard 0 : Connected to wss://gateway.discord.gg
2020-08-20 12:48:30 | [INFO]    | Shard 0 : Received HELLO
2020-08-20 12:48:31 | [INFO]    | Shard 0 : Received READY
2020-08-20 12:50:36 | [INFO]    | Discordia 2.8.3
2020-08-20 12:50:36 | [INFO]    | Connecting to Discord...
2020-08-20 12:50:36 | [INFO]    | Authenticated as Testing Bot#2551
2020-08-20 12:50:36 | [INFO]    | Launching shard 0 (1 out of 1)...
2020-08-20 12:50:37 | [INFO]    | Shard 0 : Connected to wss://gateway.discord.gg
2020-08-20 12:50:37 | [INFO]    | Shard 0 : Received HELLO
2020-08-20 12:50:37 | [INFO]    | Shard 0 : Received READY
2020-08-20 12:50:49 | [INFO]    | Discordia 2.8.3
2020-08-20 12:50:49 | [INFO]    | Connecting to Discord...
2020-08-20 12:50:50 | [INFO]    | Authenticated as Testing Bot#2551
2020-08-20 12:50:50 | [INFO]    | Launching shard 0 (1 out of 1)...
2020-08-20 12:50:50 | [INFO]    | Shard 0 : Connected to wss://gateway.discord.gg
2020-08-20 12:50:50 | [INFO]    | Shard 0 : Received HELLO
2020-08-20 12:50:50 | [INFO]    | Shard 0 : Received READY
2020-08-20 12:51:23 | [INFO]    | Discordia 2.8.3
2020-08-20 12:51:23 | [INFO]    | Connecting to Discord...
2020-08-20 12:51:23 | [INFO]    | Authenticated as Testing Bot#2551
2020-08-20 12:51:23 | [INFO]    | Launching shard 0 (1 out of 1)...
2020-08-20 12:51:23 | [INFO]    | Shard 0 : Connected to wss://gateway.discord.gg
2020-08-20 12:51:23 | [INFO]    | Shard 0 : Received HELLO
2020-08-20 12:51:23 | [INFO]    | Shard 0 : Received READY
2020-08-20 12:51:58 | [INFO]    | Discordia 2.8.3
2020-08-20 12:51:58 | [INFO]    | Connecting to Discord...
2020-08-20 12:51:58 | [INFO]    | Authenticated as Testing Bot#2551
2020-08-20 12:51:58 | [INFO]    | Launching shard 0 (1 out of 1)...
2020-08-20 12:51:58 | [INFO]    | Shard 0 : Connected to wss://gateway.discord.gg
2020-08-20 12:51:58 | [INFO]    | Shard 0 : Received HELLO
2020-08-20 12:51:58 | [INFO]    | Shard 0 : Received READY
2020-08-20 12:52:16 | [INFO]    | Discordia 2.8.3
2020-08-20 12:52:16 | [INFO]    | Connecting to Discord...
2020-08-20 12:52:16 | [INFO]    | Authenticated as Testing Bot#2551
2020-08-20 12:52:16 | [INFO]    | Launching shard 0 (1 out of 1)...
2020-08-20 12:52:16 | [INFO]    | Shard 0 : Connected to wss://gateway.discord.gg
2020-08-20 12:52:16 | [INFO]    | Shard 0 : Received HELLO
2020-08-20 12:52:17 | [INFO]    | Shard 0 : Received READY
2020-08-20 12:52:48 | [INFO]    | Discordia 2.8.3
2020-08-20 12:52:48 | [INFO]    | Connecting to Discord...
2020-08-20 12:52:48 | [INFO]    | Authenticated as Testing Bot#2551
2020-08-20 12:52:48 | [INFO]    | Launching shard 0 (1 out of 1)...
2020-08-20 12:52:49 | [INFO]    | Shard 0 : Connected to wss://gateway.discord.gg
2020-08-20 12:52:49 | [INFO]    | Shard 0 : Received HELLO
2020-08-20 12:52:49 | [INFO]    | Shard 0 : Received READY
2020-08-20 12:54:15 | [INFO]    | Discordia 2.8.3
2020-08-20 12:54:15 | [INFO]    | Connecting to Discord...
2020-08-20 12:54:16 | [INFO]    | Authenticated as PogBot#2551
2020-08-20 12:54:16 | [INFO]    | Launching shard 0 (1 out of 1)...
2020-08-20 12:54:16 | [INFO]    | Shard 0 : Connected to wss://gateway.discord.gg
2020-08-20 12:54:16 | [INFO]    | Shard 0 : Received HELLO
2020-08-20 12:54:16 | [INFO]    | Shard 0 : Received READY
2020-08-20 12:54:57 | [INFO]    | Discordia 2.8.3
2020-08-20 12:54:57 | [INFO]    | Connecting to Discord...
2020-08-20 12:54:58 | [INFO]    | Authenticated as PogBot#2551
2020-08-20 12:54:58 | [INFO]    | Launching shard 0 (1 out of 1)...
2020-08-20 12:54:58 | [INFO]    | Shard 0 : Connected to wss://gateway.discord.gg
2020-08-20 12:54:58 | [INFO]    | Shard 0 : Received HELLO
2020-08-20 12:54:58 | [INFO]    | Shard 0 : Received READY
2020-08-20 13:22:53 | [INFO]    | Discordia 2.8.3
2020-08-20 13:22:53 | [INFO]    | Connecting to Discord...
2020-08-20 13:22:53 | [INFO]    | Authenticated as PogBot#2551
2020-08-20 13:22:53 | [INFO]    | Launching shard 0 (1 out of 1)...
2020-08-20 13:22:54 | [INFO]    | Shard 0 : Connected to wss://gateway.discord.gg
2020-08-20 13:22:54 | [INFO]    | Shard 0 : Received HELLO
2020-08-20 13:22:54 | [INFO]    | Shard 0 : Received READY
2020-08-20 13:25:32 | [INFO]    | Discordia 2.8.3
2020-08-20 13:25:32 | [INFO]    | Connecting to Discord...
2020-08-20 13:25:33 | [INFO]    | Authenticated as PogBot#2551
2020-08-20 13:25:33 | [INFO]    | Launching shard 0 (1 out of 1)...
2020-08-20 13:25:33 | [INFO]    | Shard 0 : Connected to wss://gateway.discord.gg
2020-08-20 13:25:33 | [INFO]    | Shard 0 : Received HELLO
2020-08-20 13:25:33 | [INFO]    | Shard 0 : Received READY
2020-08-20 13:25:58 | [INFO]    | Discordia 2.8.3
2020-08-20 13:25:58 | [INFO]    | Connecting to Discord...
2020-08-20 13:25:58 | [INFO]    | Authenticated as PogBot#2551
2020-08-20 13:25:58 | [INFO]    | Launching shard 0 (1 out of 1)...
2020-08-20 13:25:58 | [INFO]    | Shard 0 : Connected to wss://gateway.discord.gg
2020-08-20 13:25:58 | [INFO]    | Shard 0 : Received HELLO
2020-08-20 13:25:58 | [INFO]    | Shard 0 : Received READY
